TIMESTAMP: 16:13:27
TIMESTAMP: 16:13:35
TIMESTAMP: 16:13:42
TIMESTAMP: 16:13:49
TIMESTAMP: 16:13:55
TIMESTAMP: 16:14:01
TIMESTAMP: 16:14:08
TIMESTAMP: 16:14:15
TIMESTAMP: 16:14:21
TIMESTAMP: 16:14:30
TIMESTAMP: 16:14:37
TIMESTAMP: 16:14:43
TIMESTAMP: 16:14:49
TIMESTAMP: 16:14:56
TIMESTAMP: 16:15:03
TIMESTAMP: 16:15:10
TIMESTAMP: 16:15:16
TIMESTAMP: 16:15:23
TIMESTAMP: 16:15:29
TIMESTAMP: 16:15:36
TIMESTAMP: 16:15:43
TIMESTAMP: 16:15:49
TIMESTAMP: 16:15:56
TIMESTAMP: 16:16:03
TIMESTAMP: 16:16:09
POD                                                     NAME         CPU(cores)   MEMORY(bytes)   
solver-4640c17f-4436-4dc5-a053-f8c8d36a45ee-177-h5xtl   solver-job   1000m        146Mi           
solver-cc4f0319-eb8a-44be-80db-8cdb8d034baf-757-tdk9z   solver-job   1024m        145Mi           
TIMESTAMP: 16:16:14
POD                                                     NAME         CPU(cores)   MEMORY(bytes)   
solver-4640c17f-4436-4dc5-a053-f8c8d36a45ee-177-h5xtl   solver-job   1000m        146Mi           
solver-cc4f0319-eb8a-44be-80db-8cdb8d034baf-757-tdk9z   solver-job   1024m        145Mi           
TIMESTAMP: 16:16:19
POD                                                     NAME         CPU(cores)   MEMORY(bytes)   
solver-4640c17f-4436-4dc5-a053-f8c8d36a45ee-177-h5xtl   solver-job   1000m        146Mi           
solver-cc4f0319-eb8a-44be-80db-8cdb8d034baf-757-tdk9z   solver-job   1024m        145Mi           
TIMESTAMP: 16:16:25
POD                                                     NAME         CPU(cores)   MEMORY(bytes)   
solver-4640c17f-4436-4dc5-a053-f8c8d36a45ee-177-h5xtl   solver-job   1000m        146Mi           
solver-cc4f0319-eb8a-44be-80db-8cdb8d034baf-757-tdk9z   solver-job   1024m        145Mi           
TIMESTAMP: 16:16:30
POD                                                     NAME         CPU(cores)   MEMORY(bytes)   
solver-4640c17f-4436-4dc5-a053-f8c8d36a45ee-177-h5xtl   solver-job   1000m        146Mi           
solver-cc4f0319-eb8a-44be-80db-8cdb8d034baf-757-tdk9z   solver-job   1024m        145Mi           
TIMESTAMP: 16:16:35
POD                                                     NAME         CPU(cores)   MEMORY(bytes)   
solver-4640c17f-4436-4dc5-a053-f8c8d36a45ee-177-h5xtl   solver-job   1000m        146Mi           
solver-cc4f0319-eb8a-44be-80db-8cdb8d034baf-757-tdk9z   solver-job   1024m        145Mi           
TIMESTAMP: 16:16:41
POD                                                     NAME         CPU(cores)   MEMORY(bytes)   
solver-4640c17f-4436-4dc5-a053-f8c8d36a45ee-177-h5xtl   solver-job   1000m        146Mi           
solver-cc4f0319-eb8a-44be-80db-8cdb8d034baf-757-tdk9z   solver-job   1024m        145Mi           
TIMESTAMP: 16:16:46
POD                                                     NAME         CPU(cores)   MEMORY(bytes)   
solver-4640c17f-4436-4dc5-a053-f8c8d36a45ee-177-h5xtl   solver-job   1000m        146Mi           
solver-cc4f0319-eb8a-44be-80db-8cdb8d034baf-757-tdk9z   solver-job   1024m        145Mi           
TIMESTAMP: 16:16:51
POD                                                     NAME         CPU(cores)   MEMORY(bytes)   
solver-4640c17f-4436-4dc5-a053-f8c8d36a45ee-177-h5xtl   solver-job   1000m        146Mi           
solver-cc4f0319-eb8a-44be-80db-8cdb8d034baf-757-tdk9z   solver-job   1024m        145Mi           
TIMESTAMP: 16:16:56
POD                                                     NAME         CPU(cores)   MEMORY(bytes)   
solver-4640c17f-4436-4dc5-a053-f8c8d36a45ee-177-h5xtl   solver-job   1000m        146Mi           
solver-cc4f0319-eb8a-44be-80db-8cdb8d034baf-757-tdk9z   solver-job   1024m        145Mi           
TIMESTAMP: 16:17:01
POD                                                     NAME         CPU(cores)   MEMORY(bytes)   
solver-4640c17f-4436-4dc5-a053-f8c8d36a45ee-177-h5xtl   solver-job   1000m        146Mi           
solver-cc4f0319-eb8a-44be-80db-8cdb8d034baf-757-tdk9z   solver-job   1024m        145Mi           
TIMESTAMP: 16:17:06
POD                                                     NAME         CPU(cores)   MEMORY(bytes)   
solver-4640c17f-4436-4dc5-a053-f8c8d36a45ee-177-h5xtl   solver-job   999m         150Mi           
solver-cc4f0319-eb8a-44be-80db-8cdb8d034baf-757-tdk9z   solver-job   995m         150Mi           
TIMESTAMP: 16:17:12
POD                                                     NAME         CPU(cores)   MEMORY(bytes)   
solver-4640c17f-4436-4dc5-a053-f8c8d36a45ee-177-h5xtl   solver-job   999m         150Mi           
solver-cc4f0319-eb8a-44be-80db-8cdb8d034baf-757-tdk9z   solver-job   995m         150Mi           
TIMESTAMP: 16:17:17
POD                                                     NAME         CPU(cores)   MEMORY(bytes)   
solver-4640c17f-4436-4dc5-a053-f8c8d36a45ee-177-h5xtl   solver-job   999m         150Mi           
solver-cc4f0319-eb8a-44be-80db-8cdb8d034baf-757-tdk9z   solver-job   995m         150Mi           
TIMESTAMP: 16:17:22
POD                                                     NAME         CPU(cores)   MEMORY(bytes)   
solver-4640c17f-4436-4dc5-a053-f8c8d36a45ee-177-h5xtl   solver-job   999m         150Mi           
solver-cc4f0319-eb8a-44be-80db-8cdb8d034baf-757-tdk9z   solver-job   995m         150Mi           
TIMESTAMP: 16:17:27
POD                                                     NAME         CPU(cores)   MEMORY(bytes)   
solver-4640c17f-4436-4dc5-a053-f8c8d36a45ee-177-h5xtl   solver-job   999m         150Mi           
solver-cc4f0319-eb8a-44be-80db-8cdb8d034baf-757-tdk9z   solver-job   995m         150Mi           
TIMESTAMP: 16:17:32
POD                                                     NAME         CPU(cores)   MEMORY(bytes)   
solver-4640c17f-4436-4dc5-a053-f8c8d36a45ee-177-h5xtl   solver-job   999m         150Mi           
solver-cc4f0319-eb8a-44be-80db-8cdb8d034baf-757-tdk9z   solver-job   995m         150Mi           
TIMESTAMP: 16:17:38
POD                                                     NAME         CPU(cores)   MEMORY(bytes)   
solver-4640c17f-4436-4dc5-a053-f8c8d36a45ee-177-h5xtl   solver-job   999m         150Mi           
solver-cc4f0319-eb8a-44be-80db-8cdb8d034baf-757-tdk9z   solver-job   995m         150Mi           
TIMESTAMP: 16:17:43
POD                                                     NAME         CPU(cores)   MEMORY(bytes)   
solver-4640c17f-4436-4dc5-a053-f8c8d36a45ee-177-h5xtl   solver-job   999m         150Mi           
solver-cc4f0319-eb8a-44be-80db-8cdb8d034baf-757-tdk9z   solver-job   995m         150Mi           
TIMESTAMP: 16:17:48
POD                                                     NAME         CPU(cores)   MEMORY(bytes)   
solver-4640c17f-4436-4dc5-a053-f8c8d36a45ee-177-h5xtl   solver-job   999m         150Mi           
solver-cc4f0319-eb8a-44be-80db-8cdb8d034baf-757-tdk9z   solver-job   995m         150Mi           
TIMESTAMP: 16:17:53
POD                                                     NAME         CPU(cores)   MEMORY(bytes)   
solver-4640c17f-4436-4dc5-a053-f8c8d36a45ee-177-h5xtl   solver-job   999m         150Mi           
solver-cc4f0319-eb8a-44be-80db-8cdb8d034baf-757-tdk9z   solver-job   995m         150Mi           
TIMESTAMP: 16:17:59
POD                                                     NAME         CPU(cores)   MEMORY(bytes)   
solver-4640c17f-4436-4dc5-a053-f8c8d36a45ee-177-h5xtl   solver-job   999m         150Mi           
solver-cc4f0319-eb8a-44be-80db-8cdb8d034baf-757-tdk9z   solver-job   995m         150Mi           
TIMESTAMP: 16:18:04
POD                                                     NAME         CPU(cores)   MEMORY(bytes)   
solver-4640c17f-4436-4dc5-a053-f8c8d36a45ee-177-h5xtl   solver-job   997m         156Mi           
solver-cc4f0319-eb8a-44be-80db-8cdb8d034baf-757-tdk9z   solver-job   1001m        154Mi           
TIMESTAMP: 16:18:09
POD                                                     NAME         CPU(cores)   MEMORY(bytes)   
solver-4640c17f-4436-4dc5-a053-f8c8d36a45ee-177-h5xtl   solver-job   997m         156Mi           
solver-cc4f0319-eb8a-44be-80db-8cdb8d034baf-757-tdk9z   solver-job   1001m        154Mi           
TIMESTAMP: 16:18:15
POD                                                     NAME         CPU(cores)   MEMORY(bytes)   
solver-4640c17f-4436-4dc5-a053-f8c8d36a45ee-177-h5xtl   solver-job   997m         156Mi           
solver-cc4f0319-eb8a-44be-80db-8cdb8d034baf-757-tdk9z   solver-job   1001m        154Mi           
TIMESTAMP: 16:18:20
POD                                                     NAME         CPU(cores)   MEMORY(bytes)   
solver-4640c17f-4436-4dc5-a053-f8c8d36a45ee-177-h5xtl   solver-job   997m         156Mi           
solver-cc4f0319-eb8a-44be-80db-8cdb8d034baf-757-tdk9z   solver-job   1001m        154Mi           
TIMESTAMP: 16:18:25
POD                                                     NAME         CPU(cores)   MEMORY(bytes)   
solver-4640c17f-4436-4dc5-a053-f8c8d36a45ee-177-h5xtl   solver-job   997m         156Mi           
solver-cc4f0319-eb8a-44be-80db-8cdb8d034baf-757-tdk9z   solver-job   1001m        154Mi           
TIMESTAMP: 16:18:30
POD                                                     NAME         CPU(cores)   MEMORY(bytes)   
solver-4640c17f-4436-4dc5-a053-f8c8d36a45ee-177-h5xtl   solver-job   997m         156Mi           
solver-cc4f0319-eb8a-44be-80db-8cdb8d034baf-757-tdk9z   solver-job   1001m        154Mi           
TIMESTAMP: 16:18:36
POD                                                     NAME         CPU(cores)   MEMORY(bytes)   
solver-4640c17f-4436-4dc5-a053-f8c8d36a45ee-177-h5xtl   solver-job   997m         156Mi           
solver-cc4f0319-eb8a-44be-80db-8cdb8d034baf-757-tdk9z   solver-job   1001m        154Mi           
TIMESTAMP: 16:18:41
POD                                                     NAME         CPU(cores)   MEMORY(bytes)   
solver-4640c17f-4436-4dc5-a053-f8c8d36a45ee-177-h5xtl   solver-job   997m         156Mi           
solver-cc4f0319-eb8a-44be-80db-8cdb8d034baf-757-tdk9z   solver-job   1001m        154Mi           
TIMESTAMP: 16:18:46
POD                                                     NAME         CPU(cores)   MEMORY(bytes)   
solver-4640c17f-4436-4dc5-a053-f8c8d36a45ee-177-h5xtl   solver-job   997m         156Mi           
solver-cc4f0319-eb8a-44be-80db-8cdb8d034baf-757-tdk9z   solver-job   1001m        154Mi           
TIMESTAMP: 16:18:51
POD                                                     NAME         CPU(cores)   MEMORY(bytes)   
solver-4640c17f-4436-4dc5-a053-f8c8d36a45ee-177-h5xtl   solver-job   997m         156Mi           
solver-cc4f0319-eb8a-44be-80db-8cdb8d034baf-757-tdk9z   solver-job   1001m        154Mi           
TIMESTAMP: 16:18:57
POD                                                     NAME         CPU(cores)   MEMORY(bytes)   
solver-4640c17f-4436-4dc5-a053-f8c8d36a45ee-177-h5xtl   solver-job   997m         156Mi           
solver-cc4f0319-eb8a-44be-80db-8cdb8d034baf-757-tdk9z   solver-job   1001m        154Mi           
TIMESTAMP: 16:19:02
POD                                                     NAME         CPU(cores)   MEMORY(bytes)   
solver-4640c17f-4436-4dc5-a053-f8c8d36a45ee-177-h5xtl   solver-job   997m         156Mi           
solver-cc4f0319-eb8a-44be-80db-8cdb8d034baf-757-tdk9z   solver-job   1001m        154Mi           
TIMESTAMP: 16:19:07
POD                                                     NAME         CPU(cores)   MEMORY(bytes)   
solver-4640c17f-4436-4dc5-a053-f8c8d36a45ee-177-h5xtl   solver-job   1004m        161Mi           
solver-cc4f0319-eb8a-44be-80db-8cdb8d034baf-757-tdk9z   solver-job   996m         158Mi           
TIMESTAMP: 16:19:12
POD                                                     NAME         CPU(cores)   MEMORY(bytes)   
solver-4640c17f-4436-4dc5-a053-f8c8d36a45ee-177-h5xtl   solver-job   1004m        161Mi           
solver-cc4f0319-eb8a-44be-80db-8cdb8d034baf-757-tdk9z   solver-job   996m         158Mi           
TIMESTAMP: 16:19:17
POD                                                     NAME         CPU(cores)   MEMORY(bytes)   
solver-4640c17f-4436-4dc5-a053-f8c8d36a45ee-177-h5xtl   solver-job   1004m        161Mi           
solver-cc4f0319-eb8a-44be-80db-8cdb8d034baf-757-tdk9z   solver-job   996m         158Mi           
TIMESTAMP: 16:19:23
POD                                                     NAME         CPU(cores)   MEMORY(bytes)   
solver-4640c17f-4436-4dc5-a053-f8c8d36a45ee-177-h5xtl   solver-job   1004m        161Mi           
solver-cc4f0319-eb8a-44be-80db-8cdb8d034baf-757-tdk9z   solver-job   996m         158Mi           
TIMESTAMP: 16:19:28
POD                                                     NAME         CPU(cores)   MEMORY(bytes)   
solver-4640c17f-4436-4dc5-a053-f8c8d36a45ee-177-h5xtl   solver-job   1004m        161Mi           
solver-cc4f0319-eb8a-44be-80db-8cdb8d034baf-757-tdk9z   solver-job   996m         158Mi           
TIMESTAMP: 16:19:33
POD                                                     NAME         CPU(cores)   MEMORY(bytes)   
solver-4640c17f-4436-4dc5-a053-f8c8d36a45ee-177-h5xtl   solver-job   1004m        161Mi           
solver-cc4f0319-eb8a-44be-80db-8cdb8d034baf-757-tdk9z   solver-job   996m         158Mi           
TIMESTAMP: 16:19:38
POD                                                     NAME         CPU(cores)   MEMORY(bytes)   
solver-4640c17f-4436-4dc5-a053-f8c8d36a45ee-177-h5xtl   solver-job   1004m        161Mi           
solver-cc4f0319-eb8a-44be-80db-8cdb8d034baf-757-tdk9z   solver-job   996m         158Mi           
TIMESTAMP: 16:19:43
POD                                                     NAME         CPU(cores)   MEMORY(bytes)   
solver-4640c17f-4436-4dc5-a053-f8c8d36a45ee-177-h5xtl   solver-job   1004m        161Mi           
solver-cc4f0319-eb8a-44be-80db-8cdb8d034baf-757-tdk9z   solver-job   996m         158Mi           
TIMESTAMP: 16:19:48
POD                                                     NAME         CPU(cores)   MEMORY(bytes)   
solver-4640c17f-4436-4dc5-a053-f8c8d36a45ee-177-h5xtl   solver-job   1004m        161Mi           
solver-cc4f0319-eb8a-44be-80db-8cdb8d034baf-757-tdk9z   solver-job   996m         158Mi           
TIMESTAMP: 16:19:54
POD                                                     NAME         CPU(cores)   MEMORY(bytes)   
solver-4640c17f-4436-4dc5-a053-f8c8d36a45ee-177-h5xtl   solver-job   1004m        161Mi           
solver-cc4f0319-eb8a-44be-80db-8cdb8d034baf-757-tdk9z   solver-job   996m         158Mi           
TIMESTAMP: 16:19:59
POD                                                     NAME         CPU(cores)   MEMORY(bytes)   
solver-4640c17f-4436-4dc5-a053-f8c8d36a45ee-177-h5xtl   solver-job   1004m        161Mi           
solver-cc4f0319-eb8a-44be-80db-8cdb8d034baf-757-tdk9z   solver-job   996m         158Mi           
TIMESTAMP: 16:20:04
POD                                                     NAME         CPU(cores)   MEMORY(bytes)   
solver-4640c17f-4436-4dc5-a053-f8c8d36a45ee-177-h5xtl   solver-job   996m         170Mi           
solver-cc4f0319-eb8a-44be-80db-8cdb8d034baf-757-tdk9z   solver-job   1015m        168Mi           
TIMESTAMP: 16:20:10
POD                                                     NAME         CPU(cores)   MEMORY(bytes)   
solver-4640c17f-4436-4dc5-a053-f8c8d36a45ee-177-h5xtl   solver-job   996m         170Mi           
solver-cc4f0319-eb8a-44be-80db-8cdb8d034baf-757-tdk9z   solver-job   1015m        168Mi           
TIMESTAMP: 16:20:15
POD                                                     NAME         CPU(cores)   MEMORY(bytes)   
solver-4640c17f-4436-4dc5-a053-f8c8d36a45ee-177-h5xtl   solver-job   996m         170Mi           
solver-cc4f0319-eb8a-44be-80db-8cdb8d034baf-757-tdk9z   solver-job   1015m        168Mi           
TIMESTAMP: 16:20:20
POD                                                     NAME         CPU(cores)   MEMORY(bytes)   
solver-4640c17f-4436-4dc5-a053-f8c8d36a45ee-177-h5xtl   solver-job   996m         170Mi           
solver-cc4f0319-eb8a-44be-80db-8cdb8d034baf-757-tdk9z   solver-job   1015m        168Mi           
TIMESTAMP: 16:20:25
POD                                                     NAME         CPU(cores)   MEMORY(bytes)   
solver-4640c17f-4436-4dc5-a053-f8c8d36a45ee-177-h5xtl   solver-job   996m         170Mi           
solver-cc4f0319-eb8a-44be-80db-8cdb8d034baf-757-tdk9z   solver-job   1015m        168Mi           
TIMESTAMP: 16:20:31
POD                                                     NAME         CPU(cores)   MEMORY(bytes)   
solver-4640c17f-4436-4dc5-a053-f8c8d36a45ee-177-h5xtl   solver-job   996m         170Mi           
solver-cc4f0319-eb8a-44be-80db-8cdb8d034baf-757-tdk9z   solver-job   1015m        168Mi           
TIMESTAMP: 16:20:36
POD                                                     NAME         CPU(cores)   MEMORY(bytes)   
solver-4640c17f-4436-4dc5-a053-f8c8d36a45ee-177-h5xtl   solver-job   996m         170Mi           
solver-cc4f0319-eb8a-44be-80db-8cdb8d034baf-757-tdk9z   solver-job   1015m        168Mi           
TIMESTAMP: 16:20:42
POD                                                     NAME         CPU(cores)   MEMORY(bytes)   
solver-4640c17f-4436-4dc5-a053-f8c8d36a45ee-177-h5xtl   solver-job   996m         170Mi           
solver-cc4f0319-eb8a-44be-80db-8cdb8d034baf-757-tdk9z   solver-job   1015m        168Mi           
TIMESTAMP: 16:20:47
POD                                                     NAME         CPU(cores)   MEMORY(bytes)   
solver-4640c17f-4436-4dc5-a053-f8c8d36a45ee-177-h5xtl   solver-job   996m         170Mi           
solver-cc4f0319-eb8a-44be-80db-8cdb8d034baf-757-tdk9z   solver-job   1015m        168Mi           
TIMESTAMP: 16:20:52
POD                                                     NAME         CPU(cores)   MEMORY(bytes)   
solver-4640c17f-4436-4dc5-a053-f8c8d36a45ee-177-h5xtl   solver-job   996m         170Mi           
solver-cc4f0319-eb8a-44be-80db-8cdb8d034baf-757-tdk9z   solver-job   1015m        168Mi           
TIMESTAMP: 16:20:57
POD                                                     NAME         CPU(cores)   MEMORY(bytes)   
solver-4640c17f-4436-4dc5-a053-f8c8d36a45ee-177-h5xtl   solver-job   996m         170Mi           
solver-cc4f0319-eb8a-44be-80db-8cdb8d034baf-757-tdk9z   solver-job   1015m        168Mi           
TIMESTAMP: 16:21:02
POD                                                     NAME         CPU(cores)   MEMORY(bytes)   
solver-4640c17f-4436-4dc5-a053-f8c8d36a45ee-177-h5xtl   solver-job   996m         170Mi           
solver-cc4f0319-eb8a-44be-80db-8cdb8d034baf-757-tdk9z   solver-job   1015m        168Mi           
TIMESTAMP: 16:21:08
POD                                                     NAME         CPU(cores)   MEMORY(bytes)   
solver-4640c17f-4436-4dc5-a053-f8c8d36a45ee-177-h5xtl   solver-job   1000m        175Mi           
solver-cc4f0319-eb8a-44be-80db-8cdb8d034baf-757-tdk9z   solver-job   992m         174Mi           
TIMESTAMP: 16:21:13
POD                                                     NAME         CPU(cores)   MEMORY(bytes)   
solver-4640c17f-4436-4dc5-a053-f8c8d36a45ee-177-h5xtl   solver-job   1000m        175Mi           
solver-cc4f0319-eb8a-44be-80db-8cdb8d034baf-757-tdk9z   solver-job   992m         174Mi           
TIMESTAMP: 16:21:18
POD                                                     NAME         CPU(cores)   MEMORY(bytes)   
solver-4640c17f-4436-4dc5-a053-f8c8d36a45ee-177-h5xtl   solver-job   1000m        175Mi           
solver-cc4f0319-eb8a-44be-80db-8cdb8d034baf-757-tdk9z   solver-job   992m         174Mi           
TIMESTAMP: 16:21:23
POD                                                     NAME         CPU(cores)   MEMORY(bytes)   
solver-4640c17f-4436-4dc5-a053-f8c8d36a45ee-177-h5xtl   solver-job   1000m        175Mi           
solver-cc4f0319-eb8a-44be-80db-8cdb8d034baf-757-tdk9z   solver-job   992m         174Mi           
TIMESTAMP: 16:21:28
POD                                                     NAME         CPU(cores)   MEMORY(bytes)   
solver-4640c17f-4436-4dc5-a053-f8c8d36a45ee-177-h5xtl   solver-job   1000m        175Mi           
solver-cc4f0319-eb8a-44be-80db-8cdb8d034baf-757-tdk9z   solver-job   992m         174Mi           
TIMESTAMP: 16:21:34
POD                                                     NAME         CPU(cores)   MEMORY(bytes)   
solver-4640c17f-4436-4dc5-a053-f8c8d36a45ee-177-h5xtl   solver-job   1000m        175Mi           
solver-cc4f0319-eb8a-44be-80db-8cdb8d034baf-757-tdk9z   solver-job   992m         174Mi           
TIMESTAMP: 16:21:39
POD                                                     NAME         CPU(cores)   MEMORY(bytes)   
solver-4640c17f-4436-4dc5-a053-f8c8d36a45ee-177-h5xtl   solver-job   1000m        175Mi           
solver-cc4f0319-eb8a-44be-80db-8cdb8d034baf-757-tdk9z   solver-job   992m         174Mi           
TIMESTAMP: 16:21:44
POD                                                     NAME         CPU(cores)   MEMORY(bytes)   
solver-4640c17f-4436-4dc5-a053-f8c8d36a45ee-177-h5xtl   solver-job   1000m        175Mi           
solver-cc4f0319-eb8a-44be-80db-8cdb8d034baf-757-tdk9z   solver-job   992m         174Mi           
TIMESTAMP: 16:21:49
POD                                                     NAME         CPU(cores)   MEMORY(bytes)   
solver-4640c17f-4436-4dc5-a053-f8c8d36a45ee-177-h5xtl   solver-job   1000m        175Mi           
solver-cc4f0319-eb8a-44be-80db-8cdb8d034baf-757-tdk9z   solver-job   992m         174Mi           
TIMESTAMP: 16:21:55
POD                                                     NAME         CPU(cores)   MEMORY(bytes)   
solver-4640c17f-4436-4dc5-a053-f8c8d36a45ee-177-h5xtl   solver-job   1000m        175Mi           
solver-cc4f0319-eb8a-44be-80db-8cdb8d034baf-757-tdk9z   solver-job   992m         174Mi           
TIMESTAMP: 16:22:00
POD                                                     NAME         CPU(cores)   MEMORY(bytes)   
solver-4640c17f-4436-4dc5-a053-f8c8d36a45ee-177-h5xtl   solver-job   1000m        175Mi           
solver-cc4f0319-eb8a-44be-80db-8cdb8d034baf-757-tdk9z   solver-job   992m         174Mi           
TIMESTAMP: 16:22:05
POD                                                     NAME         CPU(cores)   MEMORY(bytes)   
solver-4640c17f-4436-4dc5-a053-f8c8d36a45ee-177-h5xtl   solver-job   1009m        184Mi           
solver-cc4f0319-eb8a-44be-80db-8cdb8d034baf-757-tdk9z   solver-job   998m         184Mi           
TIMESTAMP: 16:22:10
POD                                                     NAME         CPU(cores)   MEMORY(bytes)   
solver-4640c17f-4436-4dc5-a053-f8c8d36a45ee-177-h5xtl   solver-job   1009m        184Mi           
solver-cc4f0319-eb8a-44be-80db-8cdb8d034baf-757-tdk9z   solver-job   998m         184Mi           
TIMESTAMP: 16:22:16
POD                                                     NAME         CPU(cores)   MEMORY(bytes)   
solver-4640c17f-4436-4dc5-a053-f8c8d36a45ee-177-h5xtl   solver-job   1009m        184Mi           
solver-cc4f0319-eb8a-44be-80db-8cdb8d034baf-757-tdk9z   solver-job   998m         184Mi           
TIMESTAMP: 16:22:21
POD                                                     NAME         CPU(cores)   MEMORY(bytes)   
solver-4640c17f-4436-4dc5-a053-f8c8d36a45ee-177-h5xtl   solver-job   1009m        184Mi           
solver-cc4f0319-eb8a-44be-80db-8cdb8d034baf-757-tdk9z   solver-job   998m         184Mi           
TIMESTAMP: 16:22:26
POD                                                     NAME         CPU(cores)   MEMORY(bytes)   
solver-4640c17f-4436-4dc5-a053-f8c8d36a45ee-177-h5xtl   solver-job   1009m        184Mi           
solver-cc4f0319-eb8a-44be-80db-8cdb8d034baf-757-tdk9z   solver-job   998m         184Mi           
TIMESTAMP: 16:22:31
POD                                                     NAME         CPU(cores)   MEMORY(bytes)   
solver-4640c17f-4436-4dc5-a053-f8c8d36a45ee-177-h5xtl   solver-job   1009m        184Mi           
solver-cc4f0319-eb8a-44be-80db-8cdb8d034baf-757-tdk9z   solver-job   998m         184Mi           
TIMESTAMP: 16:22:37
POD                                                     NAME         CPU(cores)   MEMORY(bytes)   
solver-4640c17f-4436-4dc5-a053-f8c8d36a45ee-177-h5xtl   solver-job   1009m        184Mi           
solver-cc4f0319-eb8a-44be-80db-8cdb8d034baf-757-tdk9z   solver-job   998m         184Mi           
TIMESTAMP: 16:22:42
POD                                                     NAME         CPU(cores)   MEMORY(bytes)   
solver-4640c17f-4436-4dc5-a053-f8c8d36a45ee-177-h5xtl   solver-job   1009m        184Mi           
solver-cc4f0319-eb8a-44be-80db-8cdb8d034baf-757-tdk9z   solver-job   998m         184Mi           
TIMESTAMP: 16:22:47
POD                                                     NAME         CPU(cores)   MEMORY(bytes)   
solver-4640c17f-4436-4dc5-a053-f8c8d36a45ee-177-h5xtl   solver-job   1009m        184Mi           
solver-cc4f0319-eb8a-44be-80db-8cdb8d034baf-757-tdk9z   solver-job   998m         184Mi           
TIMESTAMP: 16:22:52
POD                                                     NAME         CPU(cores)   MEMORY(bytes)   
solver-4640c17f-4436-4dc5-a053-f8c8d36a45ee-177-h5xtl   solver-job   1009m        184Mi           
solver-cc4f0319-eb8a-44be-80db-8cdb8d034baf-757-tdk9z   solver-job   998m         184Mi           
TIMESTAMP: 16:22:57
POD                                                     NAME         CPU(cores)   MEMORY(bytes)   
solver-4640c17f-4436-4dc5-a053-f8c8d36a45ee-177-h5xtl   solver-job   1009m        184Mi           
solver-cc4f0319-eb8a-44be-80db-8cdb8d034baf-757-tdk9z   solver-job   998m         184Mi           
TIMESTAMP: 16:23:02
POD                                                     NAME         CPU(cores)   MEMORY(bytes)   
solver-4640c17f-4436-4dc5-a053-f8c8d36a45ee-177-h5xtl   solver-job   1009m        184Mi           
solver-cc4f0319-eb8a-44be-80db-8cdb8d034baf-757-tdk9z   solver-job   998m         184Mi           
TIMESTAMP: 16:23:07
TIMESTAMP: 16:23:14
TIMESTAMP: 16:23:21
